<?xml version="1.0" encoding="UTF-8"?>
<testsuite name="TriangleTest" tests="3" skipped="0" failures="0" errors="0" timestamp="2016-04-25T18:33:19" hostname="epicodus-38.local" time="0.001">
  <properties/>
  <testcase name="newTriangle_exists" classname="TriangleTest" time="0.001"/>
  <testcase name="newTriangle_isIso" classname="TriangleTest" time="0.0"/>
  <testcase name="newTriangle_isEquilateral" classname="TriangleTest" time="0.0"/>
  <system-out><![CDATA[]]></system-out>
  <system-err><![CDATA[]]></system-err>
</testsuite>
